00:19:19.301 [main] WARN   - Using the default sonar properties file : assignments\results (full path : F:\User\Loic\AutoMark\assignments\results) !
00:19:19.453 [main] INFO  infoLog - Now analyzing upd.mll5u2o:dupond001.iy001.cadrage (author : cadrageETU001)
00:19:19.453 [main] INFO  infoLog - Launching sonar analysis ...
00:19:26.325 [main] INFO  infoLog - Done !                              
00:19:26.325 [main] INFO  infoLog - Success !                           
00:19:26.325 [main] INFO  infoLog - 
00:19:26.326 [main] INFO  infoLog - Compiling ...
00:19:29.617 [main] INFO  infoLog - Success !                           
00:19:29.619 [main] INFO  infoLog - 
00:19:29.619 [main] INFO  infoLog - Executing ...
00:19:32.496 [main] INFO  infoLog - Success !                           
00:19:32.496 [main] INFO  infoLog - 
00:19:32.878 [main] DEBUG  - Report file 'F:\User\Loic\AutoMark\assignments\results\results.csv' already exists, skipping creation.
00:19:32.881 [main] DEBUG  - Report file 'F:\User\Loic\AutoMark\assignments\results\details.csv' already exists, skipping creation.
00:19:32.884 [main] INFO  infoLog - Now analyzing upd.mll5u2o:dupond002.iy002.cadrage (author : cadrageETU002aveccopie)
00:19:32.884 [main] INFO  infoLog - Launching sonar analysis ...
00:19:39.717 [main] INFO  infoLog - Done !                              
00:19:39.717 [main] INFO  infoLog - Success !                           
00:19:39.717 [main] INFO  infoLog - 
00:19:39.717 [main] INFO  infoLog - Compiling ...
00:19:42.915 [main] ERROR  -  COMPILATION ERROR : 
00:19:42.915 [main] ERROR  -  /F:/User/Loic/AutoMark/tests/cadrage/CadrageTest.java:[18,68] unreported exception java.io.IOException; must be caught or declared to be thrown
00:19:42.915 [main] ERROR  -  /F:/User/Loic/AutoMark/tests/cadrage/CadrageTest.java:[23,61] unreported exception java.io.IOException; must be caught or declared to be thrown
00:19:42.915 [main] ERROR  -  Failed to execute goal org.apache.maven.plugins:maven-compiler-plugin:3.3:compile (default-compile) on project dupond002.iy002.cadrage: Compilation failure: Compilation failure:
00:19:42.915 [main] ERROR  -  /F:/User/Loic/AutoMark/tests/cadrage/CadrageTest.java:[18,68] unreported exception java.io.IOException; must be caught or declared to be thrown
00:19:42.915 [main] ERROR  -  /F:/User/Loic/AutoMark/tests/cadrage/CadrageTest.java:[23,61] unreported exception java.io.IOException; must be caught or declared to be thrown
00:19:42.915 [main] ERROR  -  -> [Help 1]
00:19:42.915 [main] ERROR  -  
00:19:42.916 [main] ERROR  -  To see the full stack trace of the errors, re-run Maven with the -e switch.
00:19:42.916 [main] ERROR  -  Re-run Maven using the -X switch to enable full debug logging.
00:19:42.916 [main] ERROR  -  
00:19:42.916 [main] ERROR  -  For more information about the errors and possible solutions, please read the following articles:
00:19:42.916 [main] ERROR  -  [Help 1] http://cwiki.apache.org/confluence/display/MAVEN/MojoFailureException
00:19:42.916 [main] ERROR errorLog - Failed with :                   
00:19:42.916 [main] ERROR errorLog -  COMPILATION ERROR : 
00:19:42.916 [main] ERROR errorLog -  /F:/User/Loic/AutoMark/tests/cadrage/CadrageTest.java:[18,68] unreported exception java.io.IOException; must be caught or declared to be thrown
00:19:42.916 [main] ERROR errorLog -  /F:/User/Loic/AutoMark/tests/cadrage/CadrageTest.java:[23,61] unreported exception java.io.IOException; must be caught or declared to be thrown
00:19:42.916 [main] ERROR errorLog -  Failed to execute goal org.apache.maven.plugins:maven-compiler-plugin:3.3:compile (default-compile) on project dupond002.iy002.cadrage: Compilation failure: Compilation failure:
00:19:42.917 [main] ERROR errorLog -  /F:/User/Loic/AutoMark/tests/cadrage/CadrageTest.java:[18,68] unreported exception java.io.IOException; must be caught or declared to be thrown
00:19:42.917 [main] ERROR errorLog -  /F:/User/Loic/AutoMark/tests/cadrage/CadrageTest.java:[23,61] unreported exception java.io.IOException; must be caught or declared to be thrown
00:19:42.917 [main] ERROR errorLog -  -> [Help 1]
00:19:42.917 [main] ERROR errorLog -  
00:19:42.917 [main] ERROR errorLog -  To see the full stack trace of the errors, re-run Maven with the -e switch.
00:19:42.917 [main] ERROR errorLog -  Re-run Maven using the -X switch to enable full debug logging.
00:19:42.917 [main] ERROR errorLog -  
00:19:42.917 [main] ERROR errorLog -  For more information about the errors and possible solutions, please read the following articles:
00:19:42.917 [main] ERROR errorLog -  [Help 1] http://cwiki.apache.org/confluence/display/MAVEN/MojoFailureException
00:19:42.917 [main] INFO  infoLog - 
00:19:42.918 [main] INFO  infoLog - Now analyzing upd.mll5u2o:dupond003.iy003.cadrage (author : cadrageETU003avecerreurjunit)
00:19:42.919 [main] INFO  infoLog - Launching sonar analysis ...
00:19:49.605 [main] INFO  infoLog - Done !                              
00:19:49.605 [main] INFO  infoLog - Success !                           
00:19:49.606 [main] INFO  infoLog - 
00:19:49.606 [main] INFO  infoLog - Compiling ...
00:19:52.887 [main] INFO  infoLog - Success !                           
00:19:52.887 [main] INFO  infoLog - 
00:19:52.887 [main] INFO  infoLog - Executing ...
00:19:55.598 [main] INFO  infoLog - Success !                           
00:19:55.599 [main] INFO  infoLog - 
00:19:55.651 [main] INFO  infoLog - Now analyzing upd.mll5u2o:dupond004.iy004.cadrage (author : cadrageETU004malecrit)
00:19:55.651 [main] INFO  infoLog - Launching sonar analysis ...
00:20:02.424 [main] INFO  infoLog - Done !                              
00:20:02.424 [main] INFO  infoLog - Success !                           
00:20:02.425 [main] INFO  infoLog - 
00:20:02.425 [main] INFO  infoLog - Compiling ...
00:20:05.571 [main] INFO  infoLog - Success !                           
00:20:05.571 [main] INFO  infoLog - 
00:20:05.572 [main] INFO  infoLog - Executing ...
00:20:08.499 [main] INFO  infoLog - Success !                           
00:20:08.500 [main] INFO  infoLog - 
00:20:08.635 [main] INFO  infoLog - Now analyzing upd.mll5u2o:dupond005.iy005.cadrage (author : cadrageETU005nonConforme)
00:20:08.635 [main] INFO  infoLog - Launching sonar analysis ...
00:20:15.509 [main] INFO  infoLog - Done !                              
00:20:15.510 [main] INFO  infoLog - Success !                           
00:20:15.511 [main] INFO  infoLog - 
00:20:15.511 [main] INFO  infoLog - Compiling ...
00:20:18.793 [main] ERROR  -  COMPILATION ERROR : 
00:20:18.793 [main] ERROR  -  /F:/User/Loic/AutoMark/tests/cadrage/CadrageTest.java:[13,54] cannot find symbol
00:20:18.793 [main] ERROR  -  /F:/User/Loic/AutoMark/tests/cadrage/CadrageTest.java:[28,47] cannot find symbol
00:20:18.793 [main] ERROR  -  Failed to execute goal org.apache.maven.plugins:maven-compiler-plugin:3.3:compile (default-compile) on project dupond005.iy005.cadrage: Compilation failure: Compilation failure:
00:20:18.793 [main] ERROR  -  /F:/User/Loic/AutoMark/tests/cadrage/CadrageTest.java:[13,54] cannot find symbol
00:20:18.793 [main] ERROR  -  symbol:   method cadrerAGauche(java.lang.String,int)
00:20:18.793 [main] ERROR  -  location: class up5.cadrage.Cadrage
00:20:18.793 [main] ERROR  -  /F:/User/Loic/AutoMark/tests/cadrage/CadrageTest.java:[28,47] cannot find symbol
00:20:18.793 [main] ERROR  -  symbol:   method cadrerAGauche(java.lang.String,int)
00:20:18.793 [main] ERROR  -  location: class up5.cadrage.Cadrage
00:20:18.793 [main] ERROR  -  -> [Help 1]
00:20:18.793 [main] ERROR  -  
00:20:18.793 [main] ERROR  -  To see the full stack trace of the errors, re-run Maven with the -e switch.
00:20:18.793 [main] ERROR  -  Re-run Maven using the -X switch to enable full debug logging.
00:20:18.793 [main] ERROR  -  
00:20:18.793 [main] ERROR  -  For more information about the errors and possible solutions, please read the following articles:
00:20:18.793 [main] ERROR  -  [Help 1] http://cwiki.apache.org/confluence/display/MAVEN/MojoFailureException
00:20:18.793 [main] ERROR errorLog - Failed with :                   
00:20:18.794 [main] ERROR errorLog -  COMPILATION ERROR : 
00:20:18.797 [main] ERROR errorLog -  /F:/User/Loic/AutoMark/tests/cadrage/CadrageTest.java:[13,54] cannot find symbol
00:20:18.797 [main] ERROR errorLog -  /F:/User/Loic/AutoMark/tests/cadrage/CadrageTest.java:[28,47] cannot find symbol
00:20:18.798 [main] ERROR errorLog -  Failed to execute goal org.apache.maven.plugins:maven-compiler-plugin:3.3:compile (default-compile) on project dupond005.iy005.cadrage: Compilation failure: Compilation failure:
00:20:18.799 [main] ERROR errorLog -  /F:/User/Loic/AutoMark/tests/cadrage/CadrageTest.java:[13,54] cannot find symbol
00:20:18.799 [main] ERROR errorLog -  symbol:   method cadrerAGauche(java.lang.String,int)
00:20:18.800 [main] ERROR errorLog -  location: class up5.cadrage.Cadrage
00:20:18.800 [main] ERROR errorLog -  /F:/User/Loic/AutoMark/tests/cadrage/CadrageTest.java:[28,47] cannot find symbol
00:20:18.803 [main] ERROR errorLog -  symbol:   method cadrerAGauche(java.lang.String,int)
00:20:18.813 [main] ERROR errorLog -  location: class up5.cadrage.Cadrage
00:20:18.814 [main] ERROR errorLog -  -> [Help 1]
00:20:18.816 [main] ERROR errorLog -  
00:20:18.820 [main] ERROR errorLog -  To see the full stack trace of the errors, re-run Maven with the -e switch.
00:20:18.821 [main] ERROR errorLog -  Re-run Maven using the -X switch to enable full debug logging.
00:20:18.821 [main] ERROR errorLog -  
00:20:18.822 [main] ERROR errorLog -  For more information about the errors and possible solutions, please read the following articles:
00:20:18.822 [main] ERROR errorLog -  [Help 1] http://cwiki.apache.org/confluence/display/MAVEN/MojoFailureException
00:20:18.823 [main] INFO  infoLog - 
00:20:18.825 [main] INFO  infoLog - Now analyzing spc.up5.parchemal:cadrage (author : cadragePROF)
00:20:18.826 [main] INFO  infoLog - Launching sonar analysis ...
00:20:25.572 [main] INFO  infoLog - Done !                              
00:20:25.572 [main] INFO  infoLog - Success !                           
00:20:25.573 [main] INFO  infoLog - 
00:20:25.574 [main] INFO  infoLog - Compiling ...
00:20:28.825 [main] INFO  infoLog - Success !                           
00:20:28.826 [main] INFO  infoLog - 
00:20:28.827 [main] INFO  infoLog - Executing ...
00:20:31.665 [main] INFO  infoLog - Success !                           
00:20:31.665 [main] INFO  infoLog - 
00:20:31.897 [main] INFO   - Everything processed !
00:20:31.898 [main] INFO   - See the results in F:\User\Loic\AutoMark\assignments\results
