00:39:42.901 [main] WARN   - Using the default sonar properties file : assignments\results (full path : F:\User\Loic\AutoMark\assignments\results) !
00:39:43.006 [main] INFO  infoLog - Now analyzing upd.mll5u2o:dupond001.iy001.cadrage (author : cadrageETU001)
00:39:43.006 [main] INFO  infoLog - Launching sonar analysis ...
00:39:50.634 [main] INFO  infoLog - Done !                              
00:39:50.634 [main] INFO  infoLog - Success !                           
00:39:50.634 [main] INFO  infoLog - 
00:39:50.634 [main] INFO  infoLog - Compiling ...
00:39:53.807 [main] INFO  infoLog - Success !                           
00:39:53.807 [main] INFO  infoLog - 
00:39:53.808 [main] INFO  infoLog - Executing ...
00:39:56.729 [main] INFO  infoLog - Success !                           
00:39:56.730 [main] INFO  infoLog - 
00:39:56.834 [main] DEBUG  - Report file 'F:\User\Loic\AutoMark\assignments\results\results.csv' already exists, skipping creation.
00:39:56.837 [main] DEBUG  - Report file 'F:\User\Loic\AutoMark\assignments\results\details.csv' already exists, skipping creation.
00:39:56.839 [main] INFO  infoLog - Now analyzing upd.mll5u2o:dupond002.iy002.cadrage (author : cadrageETU002aveccopie)
00:39:56.840 [main] INFO  infoLog - Launching sonar analysis ...
00:40:03.717 [main] INFO  infoLog - Done !                              
00:40:03.718 [main] INFO  infoLog - Success !                           
00:40:03.718 [main] INFO  infoLog - 
00:40:03.718 [main] INFO  infoLog - Compiling ...
00:40:06.955 [main] ERROR  -  COMPILATION ERROR : 
00:40:06.955 [main] ERROR  -  /F:/User/Loic/AutoMark/tests/cadrage/CadrageTest.java:[18,68] unreported exception java.io.IOException; must be caught or declared to be thrown
00:40:06.955 [main] ERROR  -  /F:/User/Loic/AutoMark/tests/cadrage/CadrageTest.java:[23,61] unreported exception java.io.IOException; must be caught or declared to be thrown
00:40:06.955 [main] ERROR  -  Failed to execute goal org.apache.maven.plugins:maven-compiler-plugin:3.3:compile (default-compile) on project dupond002.iy002.cadrage: Compilation failure: Compilation failure:
00:40:06.955 [main] ERROR  -  /F:/User/Loic/AutoMark/tests/cadrage/CadrageTest.java:[18,68] unreported exception java.io.IOException; must be caught or declared to be thrown
00:40:06.955 [main] ERROR  -  /F:/User/Loic/AutoMark/tests/cadrage/CadrageTest.java:[23,61] unreported exception java.io.IOException; must be caught or declared to be thrown
00:40:06.955 [main] ERROR  -  -> [Help 1]
00:40:06.955 [main] ERROR  -  
00:40:06.956 [main] ERROR  -  To see the full stack trace of the errors, re-run Maven with the -e switch.
00:40:06.956 [main] ERROR  -  Re-run Maven using the -X switch to enable full debug logging.
00:40:06.956 [main] ERROR  -  
00:40:06.956 [main] ERROR  -  For more information about the errors and possible solutions, please read the following articles:
00:40:06.956 [main] ERROR  -  [Help 1] http://cwiki.apache.org/confluence/display/MAVEN/MojoFailureException
00:40:06.956 [main] ERROR errorLog - Failed with :                   
00:40:06.956 [main] ERROR errorLog -  COMPILATION ERROR : 
00:40:06.957 [main] ERROR errorLog -  /F:/User/Loic/AutoMark/tests/cadrage/CadrageTest.java:[18,68] unreported exception java.io.IOException; must be caught or declared to be thrown
00:40:06.957 [main] ERROR errorLog -  /F:/User/Loic/AutoMark/tests/cadrage/CadrageTest.java:[23,61] unreported exception java.io.IOException; must be caught or declared to be thrown
00:40:06.957 [main] ERROR errorLog -  Failed to execute goal org.apache.maven.plugins:maven-compiler-plugin:3.3:compile (default-compile) on project dupond002.iy002.cadrage: Compilation failure: Compilation failure:
00:40:06.957 [main] ERROR errorLog -  /F:/User/Loic/AutoMark/tests/cadrage/CadrageTest.java:[18,68] unreported exception java.io.IOException; must be caught or declared to be thrown
00:40:06.957 [main] ERROR errorLog -  /F:/User/Loic/AutoMark/tests/cadrage/CadrageTest.java:[23,61] unreported exception java.io.IOException; must be caught or declared to be thrown
00:40:06.958 [main] ERROR errorLog -  -> [Help 1]
00:40:06.958 [main] ERROR errorLog -  
00:40:06.958 [main] ERROR errorLog -  To see the full stack trace of the errors, re-run Maven with the -e switch.
00:40:06.958 [main] ERROR errorLog -  Re-run Maven using the -X switch to enable full debug logging.
00:40:06.958 [main] ERROR errorLog -  
00:40:06.958 [main] ERROR errorLog -  For more information about the errors and possible solutions, please read the following articles:
00:40:06.958 [main] ERROR errorLog -  [Help 1] http://cwiki.apache.org/confluence/display/MAVEN/MojoFailureException
00:40:06.958 [main] INFO  infoLog - 
00:40:06.960 [main] INFO  infoLog - Now analyzing upd.mll5u2o:dupond003.iy003.cadrage (author : cadrageETU003avecerreurjunit)
00:40:06.960 [main] INFO  infoLog - Launching sonar analysis ...
00:40:14.568 [main] INFO  infoLog - Done !                              
00:40:14.568 [main] INFO  infoLog - Success !                           
00:40:14.568 [main] INFO  infoLog - 
00:40:14.568 [main] INFO  infoLog - Compiling ...
00:40:17.852 [main] INFO  infoLog - Success !                           
00:40:17.852 [main] INFO  infoLog - 
00:40:17.852 [main] INFO  infoLog - Executing ...
00:40:20.939 [main] INFO  infoLog - Success !                           
00:40:20.940 [main] INFO  infoLog - 
00:40:21.019 [main] INFO  infoLog - Now analyzing upd.mll5u2o:dupond004.iy004.cadrage (author : cadrageETU004malecrit)
00:40:21.019 [main] INFO  infoLog - Launching sonar analysis ...
00:40:28.095 [main] INFO  infoLog - Done !                              
00:40:28.096 [main] INFO  infoLog - Success !                           
00:40:28.096 [main] INFO  infoLog - 
00:40:28.096 [main] INFO  infoLog - Compiling ...
00:40:31.546 [main] INFO  infoLog - Success !                           
00:40:31.546 [main] INFO  infoLog - 
00:40:31.547 [main] INFO  infoLog - Executing ...
00:40:34.461 [main] INFO  infoLog - Success !                           
00:40:34.462 [main] INFO  infoLog - 
00:40:34.543 [main] INFO  infoLog - Now analyzing upd.mll5u2o:dupond005.iy005.cadrage (author : cadrageETU005nonConforme)
00:40:34.544 [main] INFO  infoLog - Launching sonar analysis ...
00:40:41.499 [main] INFO  infoLog - Done !                              
00:40:41.500 [main] INFO  infoLog - Success !                           
00:40:41.501 [main] INFO  infoLog - 
00:40:41.501 [main] INFO  infoLog - Compiling ...
00:40:44.892 [main] ERROR  -  COMPILATION ERROR : 
00:40:44.892 [main] ERROR  -  /F:/User/Loic/AutoMark/tests/cadrage/CadrageTest.java:[13,54] cannot find symbol
00:40:44.892 [main] ERROR  -  /F:/User/Loic/AutoMark/tests/cadrage/CadrageTest.java:[28,47] cannot find symbol
00:40:44.892 [main] ERROR  -  Failed to execute goal org.apache.maven.plugins:maven-compiler-plugin:3.3:compile (default-compile) on project dupond005.iy005.cadrage: Compilation failure: Compilation failure:
00:40:44.892 [main] ERROR  -  /F:/User/Loic/AutoMark/tests/cadrage/CadrageTest.java:[13,54] cannot find symbol
00:40:44.892 [main] ERROR  -  symbol:   method cadrerAGauche(java.lang.String,int)
00:40:44.892 [main] ERROR  -  location: class up5.cadrage.Cadrage
00:40:44.892 [main] ERROR  -  /F:/User/Loic/AutoMark/tests/cadrage/CadrageTest.java:[28,47] cannot find symbol
00:40:44.892 [main] ERROR  -  symbol:   method cadrerAGauche(java.lang.String,int)
00:40:44.892 [main] ERROR  -  location: class up5.cadrage.Cadrage
00:40:44.892 [main] ERROR  -  -> [Help 1]
00:40:44.892 [main] ERROR  -  
00:40:44.892 [main] ERROR  -  To see the full stack trace of the errors, re-run Maven with the -e switch.
00:40:44.892 [main] ERROR  -  Re-run Maven using the -X switch to enable full debug logging.
00:40:44.892 [main] ERROR  -  
00:40:44.892 [main] ERROR  -  For more information about the errors and possible solutions, please read the following articles:
00:40:44.892 [main] ERROR  -  [Help 1] http://cwiki.apache.org/confluence/display/MAVEN/MojoFailureException
00:40:44.892 [main] ERROR errorLog - Failed with :                   
00:40:44.895 [main] ERROR errorLog -  COMPILATION ERROR : 
00:40:44.897 [main] ERROR errorLog -  /F:/User/Loic/AutoMark/tests/cadrage/CadrageTest.java:[13,54] cannot find symbol
00:40:44.898 [main] ERROR errorLog -  /F:/User/Loic/AutoMark/tests/cadrage/CadrageTest.java:[28,47] cannot find symbol
00:40:44.899 [main] ERROR errorLog -  Failed to execute goal org.apache.maven.plugins:maven-compiler-plugin:3.3:compile (default-compile) on project dupond005.iy005.cadrage: Compilation failure: Compilation failure:
00:40:44.900 [main] ERROR errorLog -  /F:/User/Loic/AutoMark/tests/cadrage/CadrageTest.java:[13,54] cannot find symbol
00:40:44.900 [main] ERROR errorLog -  symbol:   method cadrerAGauche(java.lang.String,int)
00:40:44.901 [main] ERROR errorLog -  location: class up5.cadrage.Cadrage
00:40:44.901 [main] ERROR errorLog -  /F:/User/Loic/AutoMark/tests/cadrage/CadrageTest.java:[28,47] cannot find symbol
00:40:44.902 [main] ERROR errorLog -  symbol:   method cadrerAGauche(java.lang.String,int)
00:40:44.902 [main] ERROR errorLog -  location: class up5.cadrage.Cadrage
00:40:44.903 [main] ERROR errorLog -  -> [Help 1]
00:40:44.904 [main] ERROR errorLog -  
00:40:44.906 [main] ERROR errorLog -  To see the full stack trace of the errors, re-run Maven with the -e switch.
00:40:44.906 [main] ERROR errorLog -  Re-run Maven using the -X switch to enable full debug logging.
00:40:44.916 [main] ERROR errorLog -  
00:40:44.918 [main] ERROR errorLog -  For more information about the errors and possible solutions, please read the following articles:
00:40:44.920 [main] ERROR errorLog -  [Help 1] http://cwiki.apache.org/confluence/display/MAVEN/MojoFailureException
00:40:44.921 [main] INFO  infoLog - 
00:40:44.922 [main] INFO  infoLog - Now analyzing spc.up5.parchemal:cadrage (author : cadragePROF)
00:40:44.923 [main] INFO  infoLog - Launching sonar analysis ...
00:40:51.825 [main] INFO  infoLog - Done !                              
00:40:51.827 [main] INFO  infoLog - Success !                           
00:40:51.828 [main] INFO  infoLog - 
00:40:51.828 [main] INFO  infoLog - Compiling ...
00:40:55.232 [main] INFO  infoLog - Success !                           
00:40:55.233 [main] INFO  infoLog - 
00:40:55.234 [main] INFO  infoLog - Executing ...
00:40:58.101 [main] INFO  infoLog - Success !                           
00:40:58.102 [main] INFO  infoLog - 
00:40:58.343 [main] INFO   - Everything processed !
00:40:58.344 [main] INFO   - See the results in F:\User\Loic\AutoMark\assignments\results
